# JRE version: OpenJDK Runtime Environment Temurin-17.0.15+6 (17.0.15+6) (build 17.0.15+6)
# Java VM: OpenJDK 64-Bit Server VM Temurin-17.0.15+6 (17.0.15+6, mixed mode, sharing, tiered, compressed oops, compressed class ptrs, g1 gc, windows-amd64)
GC Precious Log:
 CPUs: 16 total, 16 available
 Memory: 15789M
 Large Page Support: Disabled
 NUMA Support: Disabled
 Compressed Oops: Enabled (Zero based)
 Heap Region Size: 2M
 Heap Min Capacity: 8M
 Heap Initial Capacity: 248M
 Heap Max Capacity: 3948M
 Pre-touch: Disabled
 Parallel Workers: 13
 Concurrent Workers: 3
 Concurrent Refinement Workers: 13
 Periodic GC: Disabled
Heap:
 garbage-first heap   total 217088K, used 102913K [0x0000000709400000, 0x0000000800000000)
  region size 2048K, 36 young (73728K), 4 survivors (8192K)
 Metaspace       used 23956K, committed 24320K, reserved 1114112K
  class space    used 2628K, committed 2816K, reserved 1048576K
GC Heap History (20 events):
Event: 0.920 GC heap before
{Heap before GC invocations=1 (full 0):
 garbage-first heap   total 253952K, used 36657K [0x0000000709400000, 0x0000000800000000)
  region size 2048K, 18 young (36864K), 2 survivors (4096K)
 Metaspace       used 9159K, committed 9344K, reserved 1114112K
  class space    used 1101K, committed 1216K, reserved 1048576K
}
Event: 0.924 GC heap after
{Heap after GC invocations=2 (full 0):
 garbage-first heap   total 253952K, used 5218K [0x0000000709400000, 0x0000000800000000)
  region size 2048K, 1 young (2048K), 1 survivors (2048K)
 Metaspace       used 9159K, committed 9344K, reserved 1114112K
  class space    used 1101K, committed 1216K, reserved 1048576K
}
Event: 2.578 GC heap before
{Heap before GC invocations=2 (full 0):
 garbage-first heap   total 253952K, used 154722K [0x0000000709400000, 0x0000000800000000)
  region size 2048K, 74 young (151552K), 1 survivors (2048K)
 Metaspace       used 15888K, committed 16128K, reserved 1114112K
  class space    used 1803K, committed 1920K, reserved 1048576K
}
Event: 2.587 GC heap after
{Heap after GC invocations=3 (full 0):
 garbage-first heap   total 253952K, used 13901K [0x0000000709400000, 0x0000000800000000)
  region size 2048K, 6 young (12288K), 6 survivors (12288K)
 Metaspace       used 15888K, committed 16128K, reserved 1114112K
  class space    used 1803K, committed 1920K, reserved 1048576K
}
Event: 3.936 GC heap before
{Heap before GC invocations=3 (full 0):
 garbage-first heap   total 253952K, used 153165K [0x0000000709400000, 0x0000000800000000)
  region size 2048K, 74 young (151552K), 6 survivors (12288K)
 Metaspace       used 18478K, committed 18752K, reserved 1114112K
  class space    used 2051K, committed 2176K, reserved 1048576K
}
Event: 3.945 GC heap after
{Heap after GC invocations=4 (full 0):
 garbage-first heap   total 253952K, used 21491K [0x0000000709400000, 0x0000000800000000)
  region size 2048K, 9 young (18432K), 9 survivors (18432K)
 Metaspace       used 18478K, committed 18752K, reserved 1114112K
  class space    used 2051K, committed 2176K, reserved 1048576K
}
Event: 5.002 GC heap before
{Heap before GC invocations=4 (full 0):
 garbage-first heap   total 253952K, used 113651K [0x0000000709400000, 0x0000000800000000)
  region size 2048K, 55 young (112640K), 9 survivors (18432K)
 Metaspace       used 21226K, committed 21504K, reserved 1114112K
  class space    used 2340K, committed 2496K, reserved 1048576K
}
Event: 5.010 GC heap after
{Heap after GC invocations=5 (full 0):
 garbage-first heap   total 253952K, used 23953K [0x0000000709400000, 0x0000000800000000)
  region size 2048K, 6 young (12288K), 6 survivors (12288K)
 Metaspace       used 21226K, committed 21504K, reserved 1114112K
  class space    used 2340K, committed 2496K, reserved 1048576K
}
Event: 5.370 GC heap before
{Heap before GC invocations=6 (full 0):
 garbage-first heap   total 96256K, used 69009K [0x0000000709400000, 0x0000000800000000)
  region size 2048K, 28 young (57344K), 6 survivors (12288K)
 Metaspace       used 23027K, committed 23360K, reserved 1114112K
  class space    used 2529K, committed 2688K, reserved 1048576K
}
Event: 5.379 GC heap after
{Heap after GC invocations=7 (full 0):
 garbage-first heap   total 96256K, used 28786K [0x0000000709400000, 0x0000000800000000)
  region size 2048K, 4 young (8192K), 4 survivors (8192K)
 Metaspace       used 23027K, committed 23360K, reserved 1114112K
  class space    used 2529K, committed 2688K, reserved 1048576K
}
Event: 5.385 GC heap before
{Heap before GC invocations=7 (full 0):
 garbage-first heap   total 96256K, used 30834K [0x0000000709400000, 0x0000000800000000)
  region size 2048K, 5 young (10240K), 4 survivors (8192K)
 Metaspace       used 23027K, committed 23360K, reserved 1114112K
  class space    used 2529K, committed 2688K, reserved 1048576K
}
Event: 5.393 GC heap after
{Heap after GC invocations=8 (full 0):
 garbage-first heap   total 96256K, used 29986K [0x0000000709400000, 0x0000000800000000)
  region size 2048K, 1 young (2048K), 1 survivors (2048K)
 Metaspace       used 23027K, committed 23360K, reserved 1114112K
  class space    used 2529K, committed 2688K, reserved 1048576K
}
Event: 5.628 GC heap before
{Heap before GC invocations=8 (full 0):
 garbage-first heap   total 96256K, used 75042K [0x0000000709400000, 0x0000000800000000)
  region size 2048K, 23 young (47104K), 1 survivors (2048K)
 Metaspace       used 23053K, committed 23360K, reserved 1114112K
  class space    used 2529K, committed 2688K, reserved 1048576K
}
Event: 5.631 GC heap after
{Heap after GC invocations=9 (full 0):
 garbage-first heap   total 96256K, used 29987K [0x0000000709400000, 0x0000000800000000)
  region size 2048K, 1 young (2048K), 1 survivors (2048K)
 Metaspace       used 23053K, committed 23360K, reserved 1114112K
  class space    used 2529K, committed 2688K, reserved 1048576K
}
Event: 5.844 GC heap before
{Heap before GC invocations=9 (full 0):
 garbage-first heap   total 96256K, used 77091K [0x0000000709400000, 0x0000000800000000)
  region size 2048K, 24 young (49152K), 1 survivors (2048K)
 Metaspace       used 23075K, committed 23360K, reserved 1114112K
  class space    used 2529K, committed 2688K, reserved 1048576K
}
Event: 5.847 GC heap after
{Heap after GC invocations=10 (full 0):
 garbage-first heap   total 96256K, used 31059K [0x0000000709400000, 0x0000000800000000)
  region size 2048K, 2 young (4096K), 2 survivors (4096K)
 Metaspace       used 23075K, committed 23360K, reserved 1114112K
  class space    used 2529K, committed 2688K, reserved 1048576K
}
Event: 6.100 GC heap before
{Heap before GC invocations=10 (full 0):
 garbage-first heap   total 96256K, used 76115K [0x0000000709400000, 0x0000000800000000)
  region size 2048K, 24 young (49152K), 2 survivors (4096K)
 Metaspace       used 23785K, committed 24128K, reserved 1114112K
  class space    used 2620K, committed 2816K, reserved 1048576K
}
Event: 6.106 GC heap after
{Heap after GC invocations=11 (full 0):
 garbage-first heap   total 217088K, used 38468K [0x0000000709400000, 0x0000000800000000)
  region size 2048K, 3 young (6144K), 3 survivors (6144K)
 Metaspace       used 23785K, committed 24128K, reserved 1114112K
  class space    used 2620K, committed 2816K, reserved 1048576K
}
Event: 6.406 GC heap before
{Heap before GC invocations=11 (full 0):
 garbage-first heap   total 217088K, used 159300K [0x0000000709400000, 0x0000000800000000)
  region size 2048K, 63 young (129024K), 3 survivors (6144K)
 Metaspace       used 23951K, committed 24320K, reserved 1114112K
  class space    used 2628K, committed 2816K, reserved 1048576K
}
Event: 6.411 GC heap after
{Heap after GC invocations=12 (full 0):
 garbage-first heap   total 217088K, used 39425K [0x0000000709400000, 0x0000000800000000)
  region size 2048K, 4 young (8192K), 4 survivors (8192K)
 Metaspace       used 23951K, committed 24320K, reserved 1114112K
  class space    used 2628K, committed 2816K, reserved 1048576K
}

